Analysis & Synthesis report for Incinerador
Tue Mar 23 18:49:50 2021
Quartus II 64-Bit Version 13.0.1 Build 232 06/12/2013 Service Pack 1 SJ Web Edition


---------------------
; Table of Contents ;
---------------------
  1. Legal Notice
  2. Analysis & Synthesis Summary
  3. Analysis & Synthesis Settings
  4. Parallel Compilation
  5. Analysis & Synthesis Source Files Read
  6. Analysis & Synthesis Resource Usage Summary
  7. Analysis & Synthesis Resource Utilization by Entity
  8. State Machine - |Incinerador|Controladora:B_Controladora|estado_atual
  9. Registers Removed During Synthesis
 10. General Register Statistics
 11. Multiplexer Restructuring Statistics (Restructuring Performed)
 12. Parameter Settings for User Entity Instance: DataPath:A_DataPath|registrador:A_RegPeso
 13. Parameter Settings for User Entity Instance: DataPath:A_DataPath|multiplicador:B_Multiplicador
 14. Parameter Settings for User Entity Instance: DataPath:A_DataPath|comparador_peso:D_ComparadorPeso
 15. Parameter Settings for User Entity Instance: DataPath:A_DataPath|registrador:E_RegCombustivelNecessario
 16. Parameter Settings for User Entity Instance: DataPath:A_DataPath|registrador:F_RegAuxNivelCombustivel
 17. Parameter Settings for User Entity Instance: DataPath:A_DataPath|registrador:G_RegNivelCombustivel
 18. Parameter Settings for User Entity Instance: DataPath:A_DataPath|registrador:H_RegAuxQtdProcessada
 19. Parameter Settings for User Entity Instance: DataPath:A_DataPath|registrador_clear:I_RegQtdProcessada
 20. Parameter Settings for User Entity Instance: DataPath:A_DataPath|comparador_temperatura_segura:L_ComparadorTemperaturaSegura
 21. Parameter Settings for User Entity Instance: DataPath:A_DataPath|comparador_temperatura_max:M_ComparadorTemperaturaMax
 22. Parameter Settings for User Entity Instance: DataPath:A_DataPath|mux:N_Mux
 23. Elapsed Time Per Partition
 24. Analysis & Synthesis Messages



----------------
; Legal Notice ;
----------------
Copyright (C) 1991-2013 Altera Corporation
Your use of Altera Corporation's design tools, logic functions 
and other software and tools, and its AMPP partner logic 
functions, and any output files from any of the foregoing 
(including device programming or simulation files), and any 
associated documentation or information are expressly subject 
to the terms and conditions of the Altera Program License 
Subscription Agreement, Altera MegaCore Function License 
Agreement, or other applicable license agreement, including, 
without limitation, that your use is for the sole purpose of 
programming logic devices manufactured by Altera and sold by 
Altera or its authorized distributors.  Please refer to the 
applicable agreement for further details.



+--------------------------------------------------------------------------------------+
; Analysis & Synthesis Summary                                                         ;
+------------------------------------+-------------------------------------------------+
; Analysis & Synthesis Status        ; Successful - Tue Mar 23 18:49:50 2021           ;
; Quartus II 64-Bit Version          ; 13.0.1 Build 232 06/12/2013 SP 1 SJ Web Edition ;
; Revision Name                      ; Incinerador                                     ;
; Top-level Entity Name              ; Incinerador                                     ;
; Family                             ; Cyclone II                                      ;
; Total logic elements               ; 286                                             ;
;     Total combinational functions  ; 237                                             ;
;     Dedicated logic registers      ; 208                                             ;
; Total registers                    ; 208                                             ;
; Total pins                         ; 83                                              ;
; Total virtual pins                 ; 0                                               ;
; Total memory bits                  ; 0                                               ;
; Embedded Multiplier 9-bit elements ; 0                                               ;
; Total PLLs                         ; 0                                               ;
+------------------------------------+-------------------------------------------------+


+----------------------------------------------------------------------------------------------------------------------+
; Analysis & Synthesis Settings                                                                                        ;
+----------------------------------------------------------------------------+--------------------+--------------------+
; Option                                                                     ; Setting            ; Default Value      ;
+----------------------------------------------------------------------------+--------------------+--------------------+
; Device                                                                     ; EP2C35F672C6       ;                    ;
; Top-level entity name                                                      ; Incinerador        ; Incinerador        ;
; Family name                                                                ; Cyclone II         ; Cyclone IV GX      ;
; Use smart compilation                                                      ; Off                ; Off                ;
; Enable parallel Assembler and TimeQuest Timing Analyzer during compilation ; On                 ; On                 ;
; Enable compact report table                                                ; Off                ; Off                ;
; Restructure Multiplexers                                                   ; Auto               ; Auto               ;
; Create Debugging Nodes for IP Cores                                        ; Off                ; Off                ;
; Preserve fewer node names                                                  ; On                 ; On                 ;
; Disable OpenCore Plus hardware evaluation                                  ; Off                ; Off                ;
; Verilog Version                                                            ; Verilog_2001       ; Verilog_2001       ;
; VHDL Version                                                               ; VHDL_1993          ; VHDL_1993          ;
; State Machine Processing                                                   ; Auto               ; Auto               ;
; Safe State Machine                                                         ; Off                ; Off                ;
; Extract Verilog State Machines                                             ; On                 ; On                 ;
; Extract VHDL State Machines                                                ; On                 ; On                 ;
; Ignore Verilog initial constructs                                          ; Off                ; Off                ;
; Iteration limit for constant Verilog loops                                 ; 5000               ; 5000               ;
; Iteration limit for non-constant Verilog loops                             ; 250                ; 250                ;
; Add Pass-Through Logic to Inferred RAMs                                    ; On                 ; On                 ;
; Infer RAMs from Raw Logic                                                  ; On                 ; On                 ;
; Parallel Synthesis                                                         ; On                 ; On                 ;
; DSP Block Balancing                                                        ; Auto               ; Auto               ;
; NOT Gate Push-Back                                                         ; On                 ; On                 ;
; Power-Up Don't Care                                                        ; On                 ; On                 ;
; Remove Redundant Logic Cells                                               ; Off                ; Off                ;
; Remove Duplicate Registers                                                 ; On                 ; On                 ;
; Ignore CARRY Buffers                                                       ; Off                ; Off                ;
; Ignore CASCADE Buffers                                                     ; Off                ; Off                ;
; Ignore GLOBAL Buffers                                                      ; Off                ; Off                ;
; Ignore ROW GLOBAL Buffers                                                  ; Off                ; Off                ;
; Ignore LCELL Buffers                                                       ; Off                ; Off                ;
; Ignore SOFT Buffers                                                        ; On                 ; On                 ;
; Limit AHDL Integers to 32 Bits                                             ; Off                ; Off                ;
; Optimization Technique                                                     ; Balanced           ; Balanced           ;
; Carry Chain Length                                                         ; 70                 ; 70                 ;
; Auto Carry Chains                                                          ; On                 ; On                 ;
; Auto Open-Drain Pins                                                       ; On                 ; On                 ;
; Perform WYSIWYG Primitive Resynthesis                                      ; Off                ; Off                ;
; Auto ROM Replacement                                                       ; On                 ; On                 ;
; Auto RAM Replacement                                                       ; On                 ; On                 ;
; Auto Shift Register Replacement                                            ; Auto               ; Auto               ;
; Allow Shift Register Merging across Hierarchies                            ; Auto               ; Auto               ;
; Auto Clock Enable Replacement                                              ; On                 ; On                 ;
; Strict RAM Replacement                                                     ; Off                ; Off                ;
; Allow Synchronous Control Signals                                          ; On                 ; On                 ;
; Force Use of Synchronous Clear Signals                                     ; Off                ; Off                ;
; Auto RAM to Logic Cell Conversion                                          ; Off                ; Off                ;
; Auto Resource Sharing                                                      ; Off                ; Off                ;
; Allow Any RAM Size For Recognition                                         ; Off                ; Off                ;
; Allow Any ROM Size For Recognition                                         ; Off                ; Off                ;
; Allow Any Shift Register Size For Recognition                              ; Off                ; Off                ;
; Use LogicLock Constraints during Resource Balancing                        ; On                 ; On                 ;
; Ignore translate_off and synthesis_off directives                          ; Off                ; Off                ;
; Timing-Driven Synthesis                                                    ; Off                ; Off                ;
; Report Parameter Settings                                                  ; On                 ; On                 ;
; Report Source Assignments                                                  ; On                 ; On                 ;
; Report Connectivity Checks                                                 ; On                 ; On                 ;
; Ignore Maximum Fan-Out Assignments                                         ; Off                ; Off                ;
; Synchronization Register Chain Length                                      ; 2                  ; 2                  ;
; PowerPlay Power Optimization                                               ; Normal compilation ; Normal compilation ;
; HDL message level                                                          ; Level2             ; Level2             ;
; Suppress Register Optimization Related Messages                            ; Off                ; Off                ;
; Number of Removed Registers Reported in Synthesis Report                   ; 5000               ; 5000               ;
; Number of Swept Nodes Reported in Synthesis Report                         ; 5000               ; 5000               ;
; Number of Inverted Registers Reported in Synthesis Report                  ; 100                ; 100                ;
; Clock MUX Protection                                                       ; On                 ; On                 ;
; Auto Gated Clock Conversion                                                ; Off                ; Off                ;
; Block Design Naming                                                        ; Auto               ; Auto               ;
; SDC constraint protection                                                  ; Off                ; Off                ;
; Synthesis Effort                                                           ; Auto               ; Auto               ;
; Shift Register Replacement - Allow Asynchronous Clear Signal               ; On                 ; On                 ;
; Pre-Mapping Resynthesis Optimization                                       ; Off                ; Off                ;
; Analysis & Synthesis Message Level                                         ; Medium             ; Medium             ;
; Disable Register Merging Across Hierarchies                                ; Auto               ; Auto               ;
; Resource Aware Inference For Block RAM                                     ; On                 ; On                 ;
; Synthesis Seed                                                             ; 1                  ; 1                  ;
+----------------------------------------------------------------------------+--------------------+--------------------+


Parallel compilation was disabled, but you have multiple processors available. Enable parallel compilation to reduce compilation time.
+-------------------------------------+
; Parallel Compilation                ;
+----------------------------+--------+
; Processors                 ; Number ;
+----------------------------+--------+
; Number detected on machine ; 8      ;
; Maximum allowed            ; 1      ;
+----------------------------+--------+


+-------------------------------------------------------------------------------------------------------------------------------------------------------------------------------------------------------------+
; Analysis & Synthesis Source Files Read                                                                                                                                                                      ;
+-----------------------------------+-----------------+-----------------+---------------------------------------------------------------------------------------------------------------------------+---------+
; File Name with User-Entered Path  ; Used in Netlist ; File Type       ; File Name with Absolute Path                                                                                              ; Library ;
+-----------------------------------+-----------------+-----------------+---------------------------------------------------------------------------------------------------------------------------+---------+
; Incinerador.vhd                   ; yes             ; User VHDL File  ; C:/Users/spide/Documents/UFMG/UFMG_4_semestre/LSD/PROJETO RTL/Projetos VHDL/Incinerador/Incinerador.vhd                   ;         ;
; multiplicador.vhd                 ; yes             ; User VHDL File  ; C:/Users/spide/Documents/UFMG/UFMG_4_semestre/LSD/PROJETO RTL/Projetos VHDL/Incinerador/multiplicador.vhd                 ;         ;
; comparador.vhd                    ; yes             ; User VHDL File  ; C:/Users/spide/Documents/UFMG/UFMG_4_semestre/LSD/PROJETO RTL/Projetos VHDL/Incinerador/comparador.vhd                    ;         ;
; mux.vhd                           ; yes             ; User VHDL File  ; C:/Users/spide/Documents/UFMG/UFMG_4_semestre/LSD/PROJETO RTL/Projetos VHDL/Incinerador/mux.vhd                           ;         ;
; registrador.vhd                   ; yes             ; User VHDL File  ; C:/Users/spide/Documents/UFMG/UFMG_4_semestre/LSD/PROJETO RTL/Projetos VHDL/Incinerador/registrador.vhd                   ;         ;
; registrador_clear.vhd             ; yes             ; User VHDL File  ; C:/Users/spide/Documents/UFMG/UFMG_4_semestre/LSD/PROJETO RTL/Projetos VHDL/Incinerador/registrador_clear.vhd             ;         ;
; shift_right_3x.vhd                ; yes             ; User VHDL File  ; C:/Users/spide/Documents/UFMG/UFMG_4_semestre/LSD/PROJETO RTL/Projetos VHDL/Incinerador/shift_right_3x.vhd                ;         ;
; somador.vhd                       ; yes             ; User VHDL File  ; C:/Users/spide/Documents/UFMG/UFMG_4_semestre/LSD/PROJETO RTL/Projetos VHDL/Incinerador/somador.vhd                       ;         ;
; subtrator.vhd                     ; yes             ; User VHDL File  ; C:/Users/spide/Documents/UFMG/UFMG_4_semestre/LSD/PROJETO RTL/Projetos VHDL/Incinerador/subtrator.vhd                     ;         ;
; temporizador2minutos.vhd          ; yes             ; User VHDL File  ; C:/Users/spide/Documents/UFMG/UFMG_4_semestre/LSD/PROJETO RTL/Projetos VHDL/Incinerador/temporizador2minutos.vhd          ;         ;
; temporizador20min.vhd             ; yes             ; User VHDL File  ; C:/Users/spide/Documents/UFMG/UFMG_4_semestre/LSD/PROJETO RTL/Projetos VHDL/Incinerador/temporizador20min.vhd             ;         ;
; temporizador45.vhd                ; yes             ; User VHDL File  ; C:/Users/spide/Documents/UFMG/UFMG_4_semestre/LSD/PROJETO RTL/Projetos VHDL/Incinerador/temporizador45.vhd                ;         ;
; Controladora.vhd                  ; yes             ; User VHDL File  ; C:/Users/spide/Documents/UFMG/UFMG_4_semestre/LSD/PROJETO RTL/Projetos VHDL/Incinerador/Controladora.vhd                  ;         ;
; DataPath.vhd                      ; yes             ; User VHDL File  ; C:/Users/spide/Documents/UFMG/UFMG_4_semestre/LSD/PROJETO RTL/Projetos VHDL/Incinerador/DataPath.vhd                      ;         ;
; comparador_peso.vhd               ; yes             ; User VHDL File  ; C:/Users/spide/Documents/UFMG/UFMG_4_semestre/LSD/PROJETO RTL/Projetos VHDL/Incinerador/comparador_peso.vhd               ;         ;
; comparador_temperatura_segura.vhd ; yes             ; User VHDL File  ; C:/Users/spide/Documents/UFMG/UFMG_4_semestre/LSD/PROJETO RTL/Projetos VHDL/Incinerador/comparador_temperatura_segura.vhd ;         ;
; comparador_temperatura_max.vhd    ; yes             ; User VHDL File  ; C:/Users/spide/Documents/UFMG/UFMG_4_semestre/LSD/PROJETO RTL/Projetos VHDL/Incinerador/comparador_temperatura_max.vhd    ;         ;
+-----------------------------------+-----------------+-----------------+---------------------------------------------------------------------------------------------------------------------------+---------+


+-----------------------------------------------------+
; Analysis & Synthesis Resource Usage Summary         ;
+---------------------------------------------+-------+
; Resource                                    ; Usage ;
+---------------------------------------------+-------+
; Estimated Total logic elements              ; 286   ;
;                                             ;       ;
; Total combinational functions               ; 237   ;
; Logic element usage by number of LUT inputs ;       ;
;     -- 4 input functions                    ; 58    ;
;     -- 3 input functions                    ; 68    ;
;     -- <=2 input functions                  ; 111   ;
;                                             ;       ;
; Logic elements by mode                      ;       ;
;     -- normal mode                          ; 91    ;
;     -- arithmetic mode                      ; 146   ;
;                                             ;       ;
; Total registers                             ; 208   ;
;     -- Dedicated logic registers            ; 208   ;
;     -- I/O registers                        ; 0     ;
;                                             ;       ;
; I/O pins                                    ; 83    ;
; Embedded Multiplier 9-bit elements          ; 0     ;
; Maximum fan-out node                        ; Clk   ;
; Maximum fan-out                             ; 112   ;
; Total fan-out                               ; 1452  ;
; Average fan-out                             ; 2.75  ;
+---------------------------------------------+-------+


+-----------------------------------------------------------------------------------------------------------------------------------------------------------------------------------------------------------------------------------------------------------------------------------------------+
; Analysis & Synthesis Resource Utilization by Entity                                                                                                                                                                                                                                           ;
+---------------------------------------------------------------------+-------------------+--------------+-------------+--------------+---------+-----------+------+--------------+----------------------------------------------------------------------------------------------+--------------+
; Compilation Hierarchy Node                                          ; LC Combinationals ; LC Registers ; Memory Bits ; DSP Elements ; DSP 9x9 ; DSP 18x18 ; Pins ; Virtual Pins ; Full Hierarchy Name                                                                          ; Library Name ;
+---------------------------------------------------------------------+-------------------+--------------+-------------+--------------+---------+-----------+------+--------------+----------------------------------------------------------------------------------------------+--------------+
; |Incinerador                                                        ; 237 (1)           ; 208 (0)      ; 0           ; 0            ; 0       ; 0         ; 83   ; 0            ; |Incinerador                                                                                 ; work         ;
;    |Controladora:B_Controladora|                                    ; 28 (28)           ; 19 (19)      ; 0           ; 0            ; 0       ; 0         ; 0    ; 0            ; |Incinerador|Controladora:B_Controladora                                                     ; work         ;
;    |DataPath:A_DataPath|                                            ; 208 (0)           ; 189 (0)      ; 0           ; 0            ; 0       ; 0         ; 0    ; 0            ; |Incinerador|DataPath:A_DataPath                                                             ; work         ;
;       |comparador:K_ComparadorCombustivel|                          ; 14 (14)           ; 0 (0)        ; 0           ; 0            ; 0       ; 0         ; 0    ; 0            ; |Incinerador|DataPath:A_DataPath|comparador:K_ComparadorCombustivel                          ; work         ;
;       |comparador_peso:D_ComparadorPeso|                            ; 6 (6)             ; 0 (0)        ; 0           ; 0            ; 0       ; 0         ; 0    ; 0            ; |Incinerador|DataPath:A_DataPath|comparador_peso:D_ComparadorPeso                            ; work         ;
;       |comparador_temperatura_max:M_ComparadorTemperaturaMax|       ; 6 (6)             ; 0 (0)        ; 0           ; 0            ; 0       ; 0         ; 0    ; 0            ; |Incinerador|DataPath:A_DataPath|comparador_temperatura_max:M_ComparadorTemperaturaMax       ; work         ;
;       |comparador_temperatura_segura:L_ComparadorTemperaturaSegura| ; 4 (4)             ; 0 (0)        ; 0           ; 0            ; 0       ; 0         ; 0    ; 0            ; |Incinerador|DataPath:A_DataPath|comparador_temperatura_segura:L_ComparadorTemperaturaSegura ; work         ;
;       |registrador:A_RegPeso|                                       ; 0 (0)             ; 16 (16)      ; 0           ; 0            ; 0       ; 0         ; 0    ; 0            ; |Incinerador|DataPath:A_DataPath|registrador:A_RegPeso                                       ; work         ;
;       |registrador:E_RegCombustivelNecessario|                      ; 15 (15)           ; 13 (13)      ; 0           ; 0            ; 0       ; 0         ; 0    ; 0            ; |Incinerador|DataPath:A_DataPath|registrador:E_RegCombustivelNecessario                      ; work         ;
;       |registrador:F_RegAuxNivelCombustivel|                        ; 0 (0)             ; 16 (16)      ; 0           ; 0            ; 0       ; 0         ; 0    ; 0            ; |Incinerador|DataPath:A_DataPath|registrador:F_RegAuxNivelCombustivel                        ; work         ;
;       |registrador:G_RegNivelCombustivel|                           ; 16 (16)           ; 16 (16)      ; 0           ; 0            ; 0       ; 0         ; 0    ; 0            ; |Incinerador|DataPath:A_DataPath|registrador:G_RegNivelCombustivel                           ; work         ;
;       |registrador:H_RegAuxQtdProcessada|                           ; 0 (0)             ; 16 (16)      ; 0           ; 0            ; 0       ; 0         ; 0    ; 0            ; |Incinerador|DataPath:A_DataPath|registrador:H_RegAuxQtdProcessada                           ; work         ;
;       |registrador_clear:I_RegQtdProcessada|                        ; 16 (16)           ; 16 (16)      ; 0           ; 0            ; 0       ; 0         ; 0    ; 0            ; |Incinerador|DataPath:A_DataPath|registrador_clear:I_RegQtdProcessada                        ; work         ;
;       |temporizador20min:TemporizadorAquecimento|                   ; 44 (44)           ; 32 (32)      ; 0           ; 0            ; 0       ; 0         ; 0    ; 0            ; |Incinerador|DataPath:A_DataPath|temporizador20min:TemporizadorAquecimento                   ; work         ;
;       |temporizador2minutos:TemporizadorDescarregamento|            ; 44 (44)           ; 32 (32)      ; 0           ; 0            ; 0       ; 0         ; 0    ; 0            ; |Incinerador|DataPath:A_DataPath|temporizador2minutos:TemporizadorDescarregamento            ; work         ;
;       |temporizador45:TemporizadorCarregamento|                     ; 43 (43)           ; 32 (32)      ; 0           ; 0            ; 0       ; 0         ; 0    ; 0            ; |Incinerador|DataPath:A_DataPath|temporizador45:TemporizadorCarregamento                     ; work         ;
+---------------------------------------------------------------------+-------------------+--------------+-------------+--------------+---------+-----------+------+--------------+----------------------------------------------------------------------------------------------+--------------+
Note: For table entries with two numbers listed, the numbers in parentheses indicate the number of resources of the given type used by the specific entity alone. The numbers listed outside of parentheses indicate the total resources of the given type used by the specific entity and all of its sub-entities in the hierarchy.


Encoding Type:  One-Hot
+---------------------------------------------------------------------------------------------------------------------------------------------------------------------------------------------------------------------------------------------------------------------------------------------------------------------------------------------------------------------------------+
; State Machine - |Incinerador|Controladora:B_Controladora|estado_atual                                                                                                                                                                                                                                                                                                           ;
+------------------+------------------+------------------+------------------+------------------+------------------+------------------+------------------+------------------+------------------+-----------------+-----------------+-----------------+-----------------+-----------------+-----------------+-----------------+-----------------+-----------------+-----------------+
; Name             ; estado_atual.S18 ; estado_atual.S17 ; estado_atual.S16 ; estado_atual.S15 ; estado_atual.S14 ; estado_atual.S13 ; estado_atual.S12 ; estado_atual.S11 ; estado_atual.S10 ; estado_atual.S9 ; estado_atual.S8 ; estado_atual.S7 ; estado_atual.S6 ; estado_atual.S5 ; estado_atual.S4 ; estado_atual.S3 ; estado_atual.S2 ; estado_atual.S1 ; estado_atual.S0 ;
+------------------+------------------+------------------+------------------+------------------+------------------+------------------+------------------+------------------+------------------+-----------------+-----------------+-----------------+-----------------+-----------------+-----------------+-----------------+-----------------+-----------------+-----------------+
; estado_atual.S0  ; 0                ; 0                ; 0                ; 0                ; 0                ; 0                ; 0                ; 0                ; 0                ; 0               ; 0               ; 0               ; 0               ; 0               ; 0               ; 0               ; 0               ; 0               ; 0               ;
; estado_atual.S1  ; 0                ; 0                ; 0                ; 0                ; 0                ; 0                ; 0                ; 0                ; 0                ; 0               ; 0               ; 0               ; 0               ; 0               ; 0               ; 0               ; 0               ; 1               ; 1               ;
; estado_atual.S2  ; 0                ; 0                ; 0                ; 0                ; 0                ; 0                ; 0                ; 0                ; 0                ; 0               ; 0               ; 0               ; 0               ; 0               ; 0               ; 0               ; 1               ; 0               ; 1               ;
; estado_atual.S3  ; 0                ; 0                ; 0                ; 0                ; 0                ; 0                ; 0                ; 0                ; 0                ; 0               ; 0               ; 0               ; 0               ; 0               ; 0               ; 1               ; 0               ; 0               ; 1               ;
; estado_atual.S4  ; 0                ; 0                ; 0                ; 0                ; 0                ; 0                ; 0                ; 0                ; 0                ; 0               ; 0               ; 0               ; 0               ; 0               ; 1               ; 0               ; 0               ; 0               ; 1               ;
; estado_atual.S5  ; 0                ; 0                ; 0                ; 0                ; 0                ; 0                ; 0                ; 0                ; 0                ; 0               ; 0               ; 0               ; 0               ; 1               ; 0               ; 0               ; 0               ; 0               ; 1               ;
; estado_atual.S6  ; 0                ; 0                ; 0                ; 0                ; 0                ; 0                ; 0                ; 0                ; 0                ; 0               ; 0               ; 0               ; 1               ; 0               ; 0               ; 0               ; 0               ; 0               ; 1               ;
; estado_atual.S7  ; 0                ; 0                ; 0                ; 0                ; 0                ; 0                ; 0                ; 0                ; 0                ; 0               ; 0               ; 1               ; 0               ; 0               ; 0               ; 0               ; 0               ; 0               ; 1               ;
; estado_atual.S8  ; 0                ; 0                ; 0                ; 0                ; 0                ; 0                ; 0                ; 0                ; 0                ; 0               ; 1               ; 0               ; 0               ; 0               ; 0               ; 0               ; 0               ; 0               ; 1               ;
; estado_atual.S9  ; 0                ; 0                ; 0                ; 0                ; 0                ; 0                ; 0                ; 0                ; 0                ; 1               ; 0               ; 0               ; 0               ; 0               ; 0               ; 0               ; 0               ; 0               ; 1               ;
; estado_atual.S10 ; 0                ; 0                ; 0                ; 0                ; 0                ; 0                ; 0                ; 0                ; 1                ; 0               ; 0               ; 0               ; 0               ; 0               ; 0               ; 0               ; 0               ; 0               ; 1               ;
; estado_atual.S11 ; 0                ; 0                ; 0                ; 0                ; 0                ; 0                ; 0                ; 1                ; 0                ; 0               ; 0               ; 0               ; 0               ; 0               ; 0               ; 0               ; 0               ; 0               ; 1               ;
; estado_atual.S12 ; 0                ; 0                ; 0                ; 0                ; 0                ; 0                ; 1                ; 0                ; 0                ; 0               ; 0               ; 0               ; 0               ; 0               ; 0               ; 0               ; 0               ; 0               ; 1               ;
; estado_atual.S13 ; 0                ; 0                ; 0                ; 0                ; 0                ; 1                ; 0                ; 0                ; 0                ; 0               ; 0               ; 0               ; 0               ; 0               ; 0               ; 0               ; 0               ; 0               ; 1               ;
; estado_atual.S14 ; 0                ; 0                ; 0                ; 0                ; 1                ; 0                ; 0                ; 0                ; 0                ; 0               ; 0               ; 0               ; 0               ; 0               ; 0               ; 0               ; 0               ; 0               ; 1               ;
; estado_atual.S15 ; 0                ; 0                ; 0                ; 1                ; 0                ; 0                ; 0                ; 0                ; 0                ; 0               ; 0               ; 0               ; 0               ; 0               ; 0               ; 0               ; 0               ; 0               ; 1               ;
; estado_atual.S16 ; 0                ; 0                ; 1                ; 0                ; 0                ; 0                ; 0                ; 0                ; 0                ; 0               ; 0               ; 0               ; 0               ; 0               ; 0               ; 0               ; 0               ; 0               ; 1               ;
; estado_atual.S17 ; 0                ; 1                ; 0                ; 0                ; 0                ; 0                ; 0                ; 0                ; 0                ; 0               ; 0               ; 0               ; 0               ; 0               ; 0               ; 0               ; 0               ; 0               ; 1               ;
; estado_atual.S18 ; 1                ; 0                ; 0                ; 0                ; 0                ; 0                ; 0                ; 0                ; 0                ; 0               ; 0               ; 0               ; 0               ; 0               ; 0               ; 0               ; 0               ; 0               ; 1               ;
+------------------+------------------+------------------+------------------+------------------+------------------+------------------+------------------+------------------+------------------+-----------------+-----------------+-----------------+-----------------+-----------------+-----------------+-----------------+-----------------+-----------------+-----------------+


+----------------------------------------------------------------------------------------------------------------------+
; Registers Removed During Synthesis                                                                                   ;
+-----------------------------------------------------------------------------+----------------------------------------+
; Register name                                                               ; Reason for Removal                     ;
+-----------------------------------------------------------------------------+----------------------------------------+
; DataPath:A_DataPath|registrador:E_RegCombustivelNecessario|conteudo[13..15] ; Stuck at GND due to stuck port data_in ;
; Total Number of Removed Registers = 3                                       ;                                        ;
+-----------------------------------------------------------------------------+----------------------------------------+


+------------------------------------------------------+
; General Register Statistics                          ;
+----------------------------------------------+-------+
; Statistic                                    ; Value ;
+----------------------------------------------+-------+
; Total registers                              ; 208   ;
; Number of registers using Synchronous Clear  ; 0     ;
; Number of registers using Synchronous Load   ; 16    ;
; Number of registers using Asynchronous Clear ; 131   ;
; Number of registers using Asynchronous Load  ; 0     ;
; Number of registers using Clock Enable       ; 186   ;
; Number of registers using Preset             ; 0     ;
+----------------------------------------------+-------+


+-----------------------------------------------------------------------------------------------------------------------------------------------------------------------------------------------------------+
; Multiplexer Restructuring Statistics (Restructuring Performed)                                                                                                                                            ;
+--------------------+-----------+---------------+----------------------+------------------------+------------+---------------------------------------------------------------------------------------------+
; Multiplexer Inputs ; Bus Width ; Baseline Area ; Area if Restructured ; Saving if Restructured ; Registered ; Example Multiplexer Output                                                                  ;
+--------------------+-----------+---------------+----------------------+------------------------+------------+---------------------------------------------------------------------------------------------+
; 3:1                ; 31 bits   ; 62 LEs        ; 0 LEs                ; 62 LEs                 ; Yes        ; |Incinerador|DataPath:A_DataPath|temporizador45:TemporizadorCarregamento|count[6]           ;
; 3:1                ; 31 bits   ; 62 LEs        ; 0 LEs                ; 62 LEs                 ; Yes        ; |Incinerador|DataPath:A_DataPath|temporizador20min:TemporizadorAquecimento|count[12]        ;
; 3:1                ; 31 bits   ; 62 LEs        ; 0 LEs                ; 62 LEs                 ; Yes        ; |Incinerador|DataPath:A_DataPath|temporizador2minutos:TemporizadorDescarregamento|count[12] ;
; 3:1                ; 2 bits    ; 4 LEs         ; 2 LEs                ; 2 LEs                  ; No         ; |Incinerador|Controladora:B_Controladora|proximo_estado                                     ;
+--------------------+-----------+---------------+----------------------+------------------------+------------+---------------------------------------------------------------------------------------------+


+----------------------------------------------------------------------------------------+
; Parameter Settings for User Entity Instance: DataPath:A_DataPath|registrador:A_RegPeso ;
+----------------+-------+---------------------------------------------------------------+
; Parameter Name ; Value ; Type                                                          ;
+----------------+-------+---------------------------------------------------------------+
; x              ; 16    ; Signed Integer                                                ;
+----------------+-------+---------------------------------------------------------------+
Note: In order to hide this table in the UI and the text report file, please set the "Show Parameter Settings in Synthesis Report" option in "Analysis and Synthesis Settings -> More Settings" to "Off".


+------------------------------------------------------------------------------------------------+
; Parameter Settings for User Entity Instance: DataPath:A_DataPath|multiplicador:B_Multiplicador ;
+----------------+------------------+------------------------------------------------------------+
; Parameter Name ; Value            ; Type                                                       ;
+----------------+------------------+------------------------------------------------------------+
; fixo           ; 0000000000000011 ; Unsigned Binary                                            ;
+----------------+------------------+------------------------------------------------------------+
Note: In order to hide this table in the UI and the text report file, please set the "Show Parameter Settings in Synthesis Report" option in "Analysis and Synthesis Settings -> More Settings" to "Off".


+---------------------------------------------------------------------------------------------------+
; Parameter Settings for User Entity Instance: DataPath:A_DataPath|comparador_peso:D_ComparadorPeso ;
+----------------+------------------+---------------------------------------------------------------+
; Parameter Name ; Value            ; Type                                                          ;
+----------------+------------------+---------------------------------------------------------------+
; fixo           ; 0100111000100000 ; Unsigned Binary                                               ;
+----------------+------------------+---------------------------------------------------------------+
Note: In order to hide this table in the UI and the text report file, please set the "Show Parameter Settings in Synthesis Report" option in "Analysis and Synthesis Settings -> More Settings" to "Off".


+---------------------------------------------------------------------------------------------------------+
; Parameter Settings for User Entity Instance: DataPath:A_DataPath|registrador:E_RegCombustivelNecessario ;
+----------------+-------+--------------------------------------------------------------------------------+
; Parameter Name ; Value ; Type                                                                           ;
+----------------+-------+--------------------------------------------------------------------------------+
; x              ; 16    ; Signed Integer                                                                 ;
+----------------+-------+--------------------------------------------------------------------------------+
Note: In order to hide this table in the UI and the text report file, please set the "Show Parameter Settings in Synthesis Report" option in "Analysis and Synthesis Settings -> More Settings" to "Off".


+-------------------------------------------------------------------------------------------------------+
; Parameter Settings for User Entity Instance: DataPath:A_DataPath|registrador:F_RegAuxNivelCombustivel ;
+----------------+-------+------------------------------------------------------------------------------+
; Parameter Name ; Value ; Type                                                                         ;
+----------------+-------+------------------------------------------------------------------------------+
; x              ; 16    ; Signed Integer                                                               ;
+----------------+-------+------------------------------------------------------------------------------+
Note: In order to hide this table in the UI and the text report file, please set the "Show Parameter Settings in Synthesis Report" option in "Analysis and Synthesis Settings -> More Settings" to "Off".


+----------------------------------------------------------------------------------------------------+
; Parameter Settings for User Entity Instance: DataPath:A_DataPath|registrador:G_RegNivelCombustivel ;
+----------------+-------+---------------------------------------------------------------------------+
; Parameter Name ; Value ; Type                                                                      ;
+----------------+-------+---------------------------------------------------------------------------+
; x              ; 16    ; Signed Integer                                                            ;
+----------------+-------+---------------------------------------------------------------------------+
Note: In order to hide this table in the UI and the text report file, please set the "Show Parameter Settings in Synthesis Report" option in "Analysis and Synthesis Settings -> More Settings" to "Off".


+----------------------------------------------------------------------------------------------------+
; Parameter Settings for User Entity Instance: DataPath:A_DataPath|registrador:H_RegAuxQtdProcessada ;
+----------------+-------+---------------------------------------------------------------------------+
; Parameter Name ; Value ; Type                                                                      ;
+----------------+-------+---------------------------------------------------------------------------+
; x              ; 16    ; Signed Integer                                                            ;
+----------------+-------+---------------------------------------------------------------------------+
Note: In order to hide this table in the UI and the text report file, please set the "Show Parameter Settings in Synthesis Report" option in "Analysis and Synthesis Settings -> More Settings" to "Off".


+-------------------------------------------------------------------------------------------------------+
; Parameter Settings for User Entity Instance: DataPath:A_DataPath|registrador_clear:I_RegQtdProcessada ;
+----------------+-------+------------------------------------------------------------------------------+
; Parameter Name ; Value ; Type                                                                         ;
+----------------+-------+------------------------------------------------------------------------------+
; x              ; 16    ; Signed Integer                                                               ;
+----------------+-------+------------------------------------------------------------------------------+
Note: In order to hide this table in the UI and the text report file, please set the "Show Parameter Settings in Synthesis Report" option in "Analysis and Synthesis Settings -> More Settings" to "Off".


+------------------------------------------------------------------------------------------------------------------------------+
; Parameter Settings for User Entity Instance: DataPath:A_DataPath|comparador_temperatura_segura:L_ComparadorTemperaturaSegura ;
+----------------+------------------+------------------------------------------------------------------------------------------+
; Parameter Name ; Value            ; Type                                                                                     ;
+----------------+------------------+------------------------------------------------------------------------------------------+
; fixo           ; 0000001100100000 ; Unsigned Binary                                                                          ;
+----------------+------------------+------------------------------------------------------------------------------------------+
Note: In order to hide this table in the UI and the text report file, please set the "Show Parameter Settings in Synthesis Report" option in "Analysis and Synthesis Settings -> More Settings" to "Off".


+------------------------------------------------------------------------------------------------------------------------+
; Parameter Settings for User Entity Instance: DataPath:A_DataPath|comparador_temperatura_max:M_ComparadorTemperaturaMax ;
+----------------+------------------+------------------------------------------------------------------------------------+
; Parameter Name ; Value            ; Type                                                                               ;
+----------------+------------------+------------------------------------------------------------------------------------+
; fixo           ; 0000010001111110 ; Unsigned Binary                                                                    ;
+----------------+------------------+------------------------------------------------------------------------------------+
Note: In order to hide this table in the UI and the text report file, please set the "Show Parameter Settings in Synthesis Report" option in "Analysis and Synthesis Settings -> More Settings" to "Off".


+----------------------------------------------------------------------------+
; Parameter Settings for User Entity Instance: DataPath:A_DataPath|mux:N_Mux ;
+-------------------+------------------+-------------------------------------+
; Parameter Name    ; Value            ; Type                                ;
+-------------------+------------------+-------------------------------------+
; combustivelmaximo ; 0010011100010000 ; Unsigned Binary                     ;
+-------------------+------------------+-------------------------------------+
Note: In order to hide this table in the UI and the text report file, please set the "Show Parameter Settings in Synthesis Report" option in "Analysis and Synthesis Settings -> More Settings" to "Off".


+-------------------------------+
; Elapsed Time Per Partition    ;
+----------------+--------------+
; Partition Name ; Elapsed Time ;
+----------------+--------------+
; Top            ; 00:00:00     ;
+----------------+--------------+


+-------------------------------+
; Analysis & Synthesis Messages ;
+-------------------------------+
Info: *******************************************************************
Info: Running Quartus II 64-Bit Analysis & Synthesis
    Info: Version 13.0.1 Build 232 06/12/2013 Service Pack 1 SJ Web Edition
    Info: Processing started: Tue Mar 23 18:49:48 2021
Info: Command: quartus_map --read_settings_files=on --write_settings_files=off Incinerador -c Incinerador
Warning (20028): Parallel compilation is not licensed and has been disabled
Info (12021): Found 2 design units, including 1 entities, in source file incinerador.vhd
    Info (12022): Found design unit 1: Incinerador-RTLIncinerador
    Info (12023): Found entity 1: Incinerador
Info (12021): Found 2 design units, including 1 entities, in source file multiplicador.vhd
    Info (12022): Found design unit 1: multiplicador-comportamento
    Info (12023): Found entity 1: multiplicador
Info (12021): Found 2 design units, including 1 entities, in source file comparador.vhd
    Info (12022): Found design unit 1: comparador-dataflow_comparador
    Info (12023): Found entity 1: comparador
Warning (12090): Entity "mux" obtained from "mux.vhd" instead of from Quartus II megafunction library
Info (12021): Found 2 design units, including 1 entities, in source file mux.vhd
    Info (12022): Found design unit 1: mux-rtl
    Info (12023): Found entity 1: mux
Info (12021): Found 2 design units, including 1 entities, in source file registrador.vhd
    Info (12022): Found design unit 1: registrador-comportamento
    Info (12023): Found entity 1: registrador
Info (12021): Found 2 design units, including 1 entities, in source file registrador_clear.vhd
    Info (12022): Found design unit 1: registrador_clear-comportamento
    Info (12023): Found entity 1: registrador_clear
Info (12021): Found 2 design units, including 1 entities, in source file shift_right_3x.vhd
    Info (12022): Found design unit 1: shift_right_3x-comportamento
    Info (12023): Found entity 1: shift_right_3x
Info (12021): Found 2 design units, including 1 entities, in source file somador.vhd
    Info (12022): Found design unit 1: somador-rtl
    Info (12023): Found entity 1: somador
Info (12021): Found 2 design units, including 1 entities, in source file subtrator.vhd
    Info (12022): Found design unit 1: subtrator-rtl
    Info (12023): Found entity 1: subtrator
Info (12021): Found 2 design units, including 1 entities, in source file temporizador2minutos.vhd
    Info (12022): Found design unit 1: temporizador2minutos-RTL
    Info (12023): Found entity 1: temporizador2minutos
Info (12021): Found 2 design units, including 1 entities, in source file temporizador20min.vhd
    Info (12022): Found design unit 1: temporizador20min-RTL
    Info (12023): Found entity 1: temporizador20min
Info (12021): Found 2 design units, including 1 entities, in source file temporizador45.vhd
    Info (12022): Found design unit 1: temporizador45-RTL
    Info (12023): Found entity 1: temporizador45
Info (12021): Found 2 design units, including 1 entities, in source file controladora.vhd
    Info (12022): Found design unit 1: Controladora-RTLControladora
    Info (12023): Found entity 1: Controladora
Info (12021): Found 2 design units, including 1 entities, in source file datapath.vhd
    Info (12022): Found design unit 1: DataPath-RTLDataPath
    Info (12023): Found entity 1: DataPath
Info (12021): Found 2 design units, including 1 entities, in source file tb_incinerador.vhd
    Info (12022): Found design unit 1: tb_Incinerador-teste
    Info (12023): Found entity 1: tb_Incinerador
Info (12021): Found 2 design units, including 1 entities, in source file comparador_peso.vhd
    Info (12022): Found design unit 1: comparador_peso-dataflow_comparador_peso
    Info (12023): Found entity 1: comparador_peso
Info (12021): Found 2 design units, including 1 entities, in source file comparador_temperatura_segura.vhd
    Info (12022): Found design unit 1: comparador_temperatura_segura-dataflow_comparador_temperatura_segura
    Info (12023): Found entity 1: comparador_temperatura_segura
Info (12021): Found 2 design units, including 1 entities, in source file comparador_temperatura_max.vhd
    Info (12022): Found design unit 1: comparador_temperatura_max-dataflow_comparador_temperatura_max
    Info (12023): Found entity 1: comparador_temperatura_max
Info (12127): Elaborating entity "Incinerador" for the top level hierarchy
Info (12128): Elaborating entity "DataPath" for hierarchy "DataPath:A_DataPath"
Info (12128): Elaborating entity "temporizador45" for hierarchy "DataPath:A_DataPath|temporizador45:TemporizadorCarregamento"
Info (12128): Elaborating entity "temporizador2minutos" for hierarchy "DataPath:A_DataPath|temporizador2minutos:TemporizadorDescarregamento"
Info (12128): Elaborating entity "temporizador20min" for hierarchy "DataPath:A_DataPath|temporizador20min:TemporizadorAquecimento"
Info (12128): Elaborating entity "registrador" for hierarchy "DataPath:A_DataPath|registrador:A_RegPeso"
Info (12128): Elaborating entity "multiplicador" for hierarchy "DataPath:A_DataPath|multiplicador:B_Multiplicador"
Info (12128): Elaborating entity "shift_right_3x" for hierarchy "DataPath:A_DataPath|shift_right_3x:C_Shifter"
Info (12128): Elaborating entity "comparador_peso" for hierarchy "DataPath:A_DataPath|comparador_peso:D_ComparadorPeso"
Info (12128): Elaborating entity "registrador_clear" for hierarchy "DataPath:A_DataPath|registrador_clear:I_RegQtdProcessada"
Warning (10492): VHDL Process Statement warning at registrador_clear.vhd(21): signal "clear" is read inside the Process Statement but isn't in the Process Statement's sensitivity list
Info (12128): Elaborating entity "subtrator" for hierarchy "DataPath:A_DataPath|subtrator:J_Subtrator"
Info (12128): Elaborating entity "comparador" for hierarchy "DataPath:A_DataPath|comparador:K_ComparadorCombustivel"
Info (12128): Elaborating entity "comparador_temperatura_segura" for hierarchy "DataPath:A_DataPath|comparador_temperatura_segura:L_ComparadorTemperaturaSegura"
Info (12128): Elaborating entity "comparador_temperatura_max" for hierarchy "DataPath:A_DataPath|comparador_temperatura_max:M_ComparadorTemperaturaMax"
Info (12128): Elaborating entity "mux" for hierarchy "DataPath:A_DataPath|mux:N_Mux"
Info (12128): Elaborating entity "somador" for hierarchy "DataPath:A_DataPath|somador:O_Somador"
Info (12128): Elaborating entity "Controladora" for hierarchy "Controladora:B_Controladora"
Info (16010): Generating hard_block partition "hard_block:auto_generated_inst"
    Info (16011): Adding 0 node(s), including 0 DDIO, 0 PLL, 0 transceiver and 0 LCELL
Info (21057): Implemented 369 device resources after synthesis - the final resource count might be different
    Info (21058): Implemented 42 input pins
    Info (21059): Implemented 41 output pins
    Info (21061): Implemented 286 logic cells
Info: Quartus II 64-Bit Analysis & Synthesis was successful. 0 errors, 3 warnings
    Info: Peak virtual memory: 4638 megabytes
    Info: Processing ended: Tue Mar 23 18:49:50 2021
    Info: Elapsed time: 00:00:02
    Info: Total CPU time (on all processors): 00:00:02


